 外部变量定义：(1)
   类型： char
   变量名：
       数组 c1[2][3][4]
 函数定义：(14)
   类型： int
   函数名：main
      无参函数
   复合语句：(14)
      复合语句的变量定义部分：
         局部变量定义：(3)
            类型： int
            变量名：
                   i
                   j
                   k
         局部变量定义：(4)
            类型： float
            变量名：
                   x
                   y
         局部变量定义：(5)
            类型： char
            变量名：
                   c
                   d
      复合语句的语句部分：
         表达式语句：(6)
            COMADD
               ID： i
               STAR
                  UMINUS
                     ID： i
                  AUTOADD
                     ID： j
         表达式语句：(7)
            ASSIGNOP
               ID： c
               数组下标：
               INT：1
               数组下标：
               INT：2
               FLAOT：10.120000
         FOR循环语句：
                  FOR循环初始语句
                     类型： int
                     变量名：
                            i ASSIGNOP
                              INT：0
                  FOR循环条件语句
                     <
                        ID： i
                        INT：10
                     <
                        ID： i
                        INT：10
                  FOR循环结束条件
                     AUTOADD
                        ID： i
            循环体：
               复合语句：(12)
                  复合语句的变量定义部分：
                  复合语句的语句部分：
                     条件语句(IF_THEN_ELSE)：(11)
                        条件：
                           !=
                              ID： i
                              ID： j
                        IF子句：(11)
                           Break语句
                        ELSE子句：(11)
                           Continue语句
         返回语句：(13)
            CHAR: a
 外部变量定义：(15)
   类型： int
   变量名：
      ID： i
      ID： j
 外部变量定义：(16)
   类型： float
   变量名：
      ID： m
      ID： n
 函数定义：(25)
   类型： float
   函数名：fun
   函数形参：
      类型：int, 参数名：x
      类型：char, 参数名：y
   复合语句：(25)
      复合语句的变量定义部分：
         局部变量定义：(19)
            类型： int
            变量名：
                   数组 a
             数组 a[10]
                   数组 b
             数组 b[10][20]
      复合语句的语句部分：
         表达式语句：(20)
            ASSIGNOP
               PLUS
                  ID： i
                  ID： j
               ID： b
               数组下标：
               INT：3
               数组下标：
               INT：5
         表达式语句：(21)
            ASSIGNOP
               ID： j
               INT：7
         表达式语句：(22)
            ASSIGNOP
               ID： m
               INT：171
         返回语句：(23)
            INT：1
 函数定义：(34)
   类型： float
   函数名：test1
   函数形参：
      类型：int, 参数名：x
      类型：char, 参数名：y
   复合语句：(34)
      复合语句的变量定义部分：
         局部变量定义：(27)
            类型： int
            变量名：
                   a
                   b
      复合语句的语句部分：
         表达式语句：(30)
            ASSIGNOP
               ID： a
               CHAR: a
         表达式语句：(31)
            ASSIGNOP
               ID： b
               CHAR: \n
         表达式语句：(32)
            STAR
               ID： a
               ID： b
         返回语句：(33)
            INT：1
